/*C44*/SET SCHEMA PUBLIC
DISCONNECT
/*C46*/SET SCHEMA PUBLIC
create table Restaurant (id bigint not null, name varchar(1000) not null, primary key (id))
alter table Restaurant add constraint UK_31vtauu7cp69p05sws8wggyi5 unique (name)
DISCONNECT
/*C45*/SET SCHEMA PUBLIC
DISCONNECT
/*C47*/SET SCHEMA PUBLIC
DISCONNECT
/*C49*/SET SCHEMA PUBLIC
DISCONNECT
/*C48*/SET SCHEMA PUBLIC
DISCONNECT
/*C50*/SET SCHEMA PUBLIC
DISCONNECT
/*C52*/SET SCHEMA PUBLIC
DISCONNECT
/*C51*/SET SCHEMA PUBLIC
DISCONNECT
/*C54*/SET SCHEMA PUBLIC
DISCONNECT
/*C53*/SET SCHEMA PUBLIC
DISCONNECT
/*C55*/SET SCHEMA PUBLIC
DISCONNECT
/*C56*/SET SCHEMA PUBLIC
INSERT INTO RESTAURANT VALUES(4,'a')
ALTER SEQUENCE PUBLIC.HIBERNATE_SEQUENCE RESTART WITH 5
COMMIT
DISCONNECT
/*C58*/SET SCHEMA PUBLIC
DISCONNECT
/*C57*/SET SCHEMA PUBLIC
DISCONNECT
/*C59*/SET SCHEMA PUBLIC
DISCONNECT
/*C60*/SET SCHEMA PUBLIC
DISCONNECT
/*C61*/SET SCHEMA PUBLIC
DELETE FROM RESTAURANT WHERE ID=4
INSERT INTO RESTAURANT VALUES(4,'a2')
COMMIT
DISCONNECT
/*C62*/SET SCHEMA PUBLIC
DISCONNECT
/*C63*/SET SCHEMA PUBLIC
INSERT INTO RESTAURANT VALUES(5,'a')
ALTER SEQUENCE PUBLIC.HIBERNATE_SEQUENCE RESTART WITH 6
COMMIT
DISCONNECT
/*C64*/SET SCHEMA PUBLIC
DISCONNECT
/*C65*/SET SCHEMA PUBLIC
DISCONNECT
/*C66*/SET SCHEMA PUBLIC
DELETE FROM RESTAURANT WHERE ID=4
COMMIT
DISCONNECT
/*C67*/SET SCHEMA PUBLIC
DISCONNECT
/*C68*/SET SCHEMA PUBLIC
DISCONNECT
/*C69*/SET SCHEMA PUBLIC
DISCONNECT
/*C71*/SET SCHEMA PUBLIC
DISCONNECT
/*C70*/SET SCHEMA PUBLIC
DISCONNECT
/*C72*/SET SCHEMA PUBLIC
DISCONNECT
/*C74*/SET SCHEMA PUBLIC
DISCONNECT
/*C73*/SET SCHEMA PUBLIC
DISCONNECT
/*C75*/SET SCHEMA PUBLIC
DISCONNECT
/*C77*/SET SCHEMA PUBLIC
DISCONNECT
/*C76*/SET SCHEMA PUBLIC
DISCONNECT
/*C78*/SET SCHEMA PUBLIC
DISCONNECT
/*C79*/SET SCHEMA PUBLIC
DISCONNECT
/*C80*/SET SCHEMA PUBLIC
DISCONNECT
/*C82*/SET SCHEMA PUBLIC
DISCONNECT
/*C81*/SET SCHEMA PUBLIC
DISCONNECT
/*C83*/SET SCHEMA PUBLIC
DISCONNECT
/*C84*/SET SCHEMA PUBLIC
DISCONNECT
/*C85*/SET SCHEMA PUBLIC
DISCONNECT
/*C86*/SET SCHEMA PUBLIC
INSERT INTO RESTAURANT VALUES(7,'a3')
ALTER SEQUENCE PUBLIC.HIBERNATE_SEQUENCE RESTART WITH 8
COMMIT
DISCONNECT
/*C87*/SET SCHEMA PUBLIC
DISCONNECT
/*C88*/SET SCHEMA PUBLIC
DISCONNECT
/*C89*/SET SCHEMA PUBLIC
DISCONNECT
/*C90*/SET SCHEMA PUBLIC
DISCONNECT
/*C91*/SET SCHEMA PUBLIC
DISCONNECT
/*C92*/SET SCHEMA PUBLIC
DISCONNECT
/*C93*/SET SCHEMA PUBLIC
DISCONNECT
/*C95*/SET SCHEMA PUBLIC
DISCONNECT
/*C94*/SET SCHEMA PUBLIC
DISCONNECT
/*C97*/SET SCHEMA PUBLIC
DISCONNECT
/*C96*/SET SCHEMA PUBLIC
DISCONNECT
/*C98*/SET SCHEMA PUBLIC
DISCONNECT
/*C99*/SET SCHEMA PUBLIC
DISCONNECT
/*C100*/SET SCHEMA PUBLIC
DISCONNECT
/*C102*/SET SCHEMA PUBLIC
DISCONNECT
/*C101*/SET SCHEMA PUBLIC
DISCONNECT
